sending 0
sending 1
sending 2
sending 3
sending 4
sending 5
sending 6
sending 7
sending 8
sending 9
sending 10
sending 11
sending 12
sending 13
sending 14
sending 15
sending 16
sending 17
sending 18
sending 19
sending 20
sending 21
sending 22
sending 23
sending 24
sending 25
sending 26
sending 27
sending 28
sending 29
sending 30
sending 31
sending 32
sending 33
sending 34
sending 35
sending 36
sending 37
sending 38
sending 39
sending 40
sending 41
sending 42
sending 43
sending 44
sending 45
sending 46
sending 47
sending 48
sending 49
sending 50
sending 51
sending 52
sending 53
sending 54
sending 55
sending 56
sending 57
sending 58
sending 59
sending 60
sending 61
sending 62
sending 63
sending 64
sending 65
sending 66
sending 67
sending 68
sending 69
sending 70
sending 71
sending 72
sending 73
sending 74
sending 75
sending 76
sending 77
sending 78
sending 79
sending 80
sending 81
sending 82
sending 83
sending 84
sending 85
sending 86
sending 87
sending 88
sending 89
sending 90
sending 91
sending 92
sending 93
sending 94
sending 95
sending 96
sending 97
sending 98
sending 99
